[debug] > Exec(early(addDefaultCommands), None, None)
[debug] > Exec(addDefaultCommands, None, None)
[debug] > Exec(early(initialize), None, None)
[debug] > Exec(initialize, None, None)
[debug] > Exec(early(addPluginSbtFile="""C:\Users\bajka\AppData\Local\Temp\idea3.sbt"""), None, None)
[debug] > Exec(addPluginSbtFile="""C:\Users\bajka\AppData\Local\Temp\idea3.sbt""", None, None)
[debug] > Exec(boot, None, None)
[debug] > Exec(writeSbtVersion, None, None)
[debug] > Exec(reload, None, None)
[debug] > Exec(sbtStashOnFailure, None, None)
[debug] > Exec(onFailure loadFailed, None, None)
[debug] > Exec(loadp, None, None)
[info] welcome to sbt 1.9.9 (Oracle Corporation Java 21.0.2)
[debug]       Load.loadUnit: plugins took 83.9098ms
[debug]       Load.loadUnit: defsScala took 0.3491ms
[debug] [Loading] Scanning directory C:\Users\bajka\.sbt\1.0\plugins
[debug] [Loading] Found non-root projects 
[debug] [Loading] Done in C:\Users\bajka\.sbt\1.0\plugins, returning: ()
[debug] deducing auto plugins based on known facts Set(Atom(sbt.plugins.CorePlugin)) and clauses Clauses(Clause(Atom(sbt.plugins.JvmPlugin),Set(Atom(sbt.plugins.IvyPlugin)))
[debug] Clause(Atom(sbt.ScriptedPlugin),Set(Atom(sbt.plugins.JvmPlugin)))
[debug] Clause(Atom(sbt.plugins.SbtPlugin),Set(Atom(sbt.ScriptedPlugin)))
[debug] Clause(Atom(sbt.plugins.SemanticdbPlugin),Set(Atom(sbt.plugins.JvmPlugin)))
[debug] Clause(Atom(sbt.plugins.JUnitXmlReportPlugin),Set(Atom(sbt.plugins.JvmPlugin)))
[debug] Clause(Atom(sbt.plugins.MiniDependencyTreePlugin),Set(Atom(sbt.plugins.JvmPlugin)))
[debug] Clause(Atom(sbt.plugins.CorePlugin),Set(Atom(sbt.plugins.IvyPlugin)))
[debug] Clause(Atom(sbt.plugins.IvyPlugin),Set(Atom(sbt.plugins.JvmPlugin)))
[debug] Clause(Atom(sbt.plugins.JvmPlugin),Set(Atom(sbt.plugins.SemanticdbPlugin)))
[debug] Clause(Atom(sbt.plugins.JvmPlugin),Set(Atom(sbt.plugins.JUnitXmlReportPlugin)))
[debug] Clause(Atom(sbt.plugins.CorePlugin),Set(Atom(sbt.plugins.Giter8TemplatePlugin)))
[debug] Clause(Atom(sbt.plugins.JvmPlugin),Set(Atom(sbt.plugins.MiniDependencyTreePlugin))))
[debug]   :: deduced result: Matched(sbt.plugins.CorePlugin,sbt.plugins.Giter8TemplatePlugin,sbt.plugins.IvyPlugin,sbt.plugins.JvmPlugin,sbt.plugins.MiniDependencyTreePlugin,sbt.plugins.JUnitXmlReportPlugin,sbt.plugins.SemanticdbPlugin)
[debug] Plugins.deducer#function took 24.1721 ms
[debug]           Load.resolveProject(global-plugins) took 51.2019ms
[debug]         Load.loadTransitive: finalizeProject(Project(id global-plugins, base: C:\Users\bajka\.sbt\1.0\plugins, plugins: List(<none>))) took 104.3032ms
[debug] [Loading] Done in C:\Users\bajka\.sbt\1.0\plugins, returning: (global-plugins)
[debug]       Load.loadUnit: loadedProjectsRaw took 125.2448ms
[debug]       Load.loadUnit: cleanEvalClasses took 0.2155ms
[debug]     Load.loadUnit(file:/C:/Users/bajka/.sbt/1.0/plugins/, ...) took 217.8013ms
[debug]   Load.apply: load took 385.4558ms
[debug]   Load.apply: resolveProjects took 4.0088ms
[debug]   Load.apply: finalTransforms took 49.2314ms
[debug]   Load.apply: config.delegates took 7.7078ms
[debug]   Load.apply: Def.make(settings)... took 353.0514ms
[debug]   Load.apply: structureIndex took 80.4128ms
[debug]   Load.apply: mkStreams took 1.1434ms
[info] loading global plugins from C:\Users\bajka\.sbt\1.0\plugins
[debug] Running task... Cancel: Signal, check cycles: false, forcegc: true
[debug] Load.defaultLoad until apply took 1854.2678ms
[debug]           Load.loadUnit: plugins took 22.2377ms
[debug]           Load.loadUnit: defsScala took 0.0026ms
[debug] [Loading] Scanning directory C:\Users\bajka\OneDrive\Pulpit\neww\quickstart\project
[debug]             Load.loadUnit: mkEval took 3.1796ms
[debug] [Loading] Found non-root projects 
[debug] [Loading] Done in C:\Users\bajka\OneDrive\Pulpit\neww\quickstart\project, returning: ()
[debug] deducing auto plugins based on known facts Set(Atom(sbt.plugins.CorePlugin)) and clauses Clauses(Clause(Atom(sbt.plugins.JvmPlugin),Set(Atom(sbt.plugins.IvyPlugin)))
[debug] Clause(Atom(sbt.ScriptedPlugin),Set(Atom(sbt.plugins.JvmPlugin)))
[debug] Clause(Atom(sbt.plugins.SbtPlugin),Set(Atom(sbt.ScriptedPlugin)))
[debug] Clause(Atom(sbt.plugins.SemanticdbPlugin),Set(Atom(sbt.plugins.JvmPlugin)))
[debug] Clause(Atom(sbt.plugins.JUnitXmlReportPlugin),Set(Atom(sbt.plugins.JvmPlugin)))
[debug] Clause(Atom(sbt.plugins.MiniDependencyTreePlugin),Set(Atom(sbt.plugins.JvmPlugin)))
[debug] Clause(Atom(sbt.plugins.CorePlugin),Set(Atom(sbt.plugins.IvyPlugin)))
[debug] Clause(Atom(sbt.plugins.IvyPlugin),Set(Atom(sbt.plugins.JvmPlugin)))
[debug] Clause(Atom(sbt.plugins.JvmPlugin),Set(Atom(sbt.plugins.SemanticdbPlugin)))
[debug] Clause(Atom(sbt.plugins.JvmPlugin),Set(Atom(sbt.plugins.JUnitXmlReportPlugin)))
[debug] Clause(Atom(sbt.plugins.CorePlugin),Set(Atom(sbt.plugins.Giter8TemplatePlugin)))
[debug] Clause(Atom(sbt.plugins.JvmPlugin),Set(Atom(sbt.plugins.MiniDependencyTreePlugin))))
[debug]   :: deduced result: Matched(sbt.plugins.CorePlugin,sbt.plugins.Giter8TemplatePlugin,sbt.plugins.IvyPlugin,sbt.plugins.JvmPlugin,sbt.plugins.MiniDependencyTreePlugin,sbt.plugins.JUnitXmlReportPlugin,sbt.plugins.SemanticdbPlugin)
[debug] Plugins.deducer#function took 1.4429 ms
[info] loading settings for project quickstart-build from plugins.sbt,idea3.sbt ...
[debug]               Load.resolveProject(quickstart-build) took 2.3948ms
[debug]             Load.loadTransitive: finalizeProject(Project(id quickstart-build, base: C:\Users\bajka\OneDrive\Pulpit\neww\quickstart\project, plugins: List(<none>))) took 4.2541ms
[debug] [Loading] Done in C:\Users\bajka\OneDrive\Pulpit\neww\quickstart\project, returning: (quickstart-build)
[debug]           Load.loadUnit: loadedProjectsRaw took 127.3505ms
[debug]           Load.loadUnit: cleanEvalClasses took 11.4909ms
[debug]         Load.loadUnit(file:/C:/Users/bajka/OneDrive/Pulpit/neww/quickstart/project/, ...) took 161.9701ms
[debug]       Load.apply: load took 163.3716ms
[debug]       Load.apply: resolveProjects took 0.0867ms
[debug]       Load.apply: finalTransforms took 6.3897ms
[debug]       Load.apply: config.delegates took 0.2263ms
[debug]       Load.apply: Def.make(settings)... took 66.1539ms
[debug]       Load.apply: structureIndex took 22.1433ms
[debug]       Load.apply: mkStreams took 0.0025ms
[info] loading project definition from C:\Users\bajka\OneDrive\Pulpit\neww\quickstart\project
[debug] Running task... Cancel: Signal, check cycles: false, forcegc: true
[debug]     Load.loadUnit: plugins took 518.7598ms
[debug]     Load.loadUnit: defsScala took 0.0017ms
[debug] [Loading] Scanning directory C:\Users\bajka\OneDrive\Pulpit\neww\quickstart
[debug]       Load.loadUnit: mkEval took 0.2316ms
[debug] [Loading] Found root project root w/ remaining 
[debug] deducing auto plugins based on known facts Set(Atom(sbt.plugins.CorePlugin)) and clauses Clauses(Clause(Atom(sbt.plugins.JvmPlugin),Set(Atom(sbt.plugins.IvyPlugin)))
[debug] Clause(Atom(sbt.ScriptedPlugin),Set(Atom(sbt.plugins.JvmPlugin)))
[debug] Clause(Atom(sbt.plugins.SbtPlugin),Set(Atom(sbt.ScriptedPlugin)))
[debug] Clause(Atom(sbt.plugins.SemanticdbPlugin),Set(Atom(sbt.plugins.JvmPlugin)))
[debug] Clause(Atom(sbt.plugins.JUnitXmlReportPlugin),Set(Atom(sbt.plugins.JvmPlugin)))
[debug] Clause(Atom(sbt.plugins.MiniDependencyTreePlugin),Set(Atom(sbt.plugins.JvmPlugin)))
[debug] Clause(Atom(org.typelevel.sbt.tpolecat.TpolecatPlugin),Set(Atom(sbt.plugins.JvmPlugin)))
[debug] Clause(Atom(spray.revolver.RevolverPlugin),Set(Atom(sbt.plugins.JvmPlugin)))
[debug] Clause(Atom(sbtassembly.AssemblyPlugin),Set(Atom(sbt.plugins.JvmPlugin)))
[debug] Clause(Atom(io.github.davidmweber.FlywayPlugin),Set(Atom(sbt.plugins.JvmPlugin)))
[debug] Clause(Atom(org.jetbrains.sbt.StructurePlugin),Set(Atom(sbt.plugins.JvmPlugin)))
[debug] Clause(Atom(org.jetbrains.sbt.IdeaShellPlugin),Set(Atom(sbt.plugins.JvmPlugin)))
[debug] Clause(Atom(org.jetbrains.sbt.indices.SbtIntellijIndicesPlugin),Set(Atom(sbt.plugins.JvmPlugin)))
[debug] Clause(Atom(sbt.plugins.CorePlugin),Set(Atom(sbt.plugins.IvyPlugin)))
[debug] Clause(Atom(sbt.plugins.IvyPlugin),Set(Atom(sbt.plugins.JvmPlugin)))
[debug] Clause(Atom(sbt.plugins.JvmPlugin),Set(Atom(sbt.plugins.SemanticdbPlugin)))
[debug] Clause(Atom(sbt.plugins.JvmPlugin),Set(Atom(sbt.plugins.JUnitXmlReportPlugin)))
[debug] Clause(Atom(sbt.plugins.CorePlugin),Set(Atom(sbt.plugins.Giter8TemplatePlugin)))
[debug] Clause(Atom(sbt.plugins.JvmPlugin),Set(Atom(sbt.plugins.MiniDependencyTreePlugin)))
[debug] Clause(Atom(sbt.plugins.JvmPlugin),Set(Atom(org.typelevel.sbt.tpolecat.TpolecatPlugin)))
[debug] Clause(Atom(sbt.plugins.JvmPlugin),Set(Atom(spray.revolver.RevolverPlugin)))
[debug] Clause(Atom(sbt.plugins.JvmPlugin),Set(Atom(sbtassembly.AssemblyPlugin)))
[debug] Clause(Atom(sbt.plugins.JvmPlugin),Set(Atom(org.jetbrains.sbt.StructurePlugin)))
[debug] Clause(Atom(sbt.plugins.JvmPlugin),Set(Atom(org.jetbrains.sbt.IdeaShellPlugin)))
[debug] Clause(And(Set(Atom(sbt.plugins.CorePlugin), Atom(sbt.plugins.JvmPlugin))),Set(Atom(org.jetbrains.sbt.indices.SbtIntellijIndicesPlugin))))
[debug]   :: deduced result: Matched(sbt.plugins.CorePlugin,sbt.plugins.Giter8TemplatePlugin,sbt.plugins.IvyPlugin,sbt.plugins.JvmPlugin,org.typelevel.sbt.tpolecat.TpolecatPlugin,sbt.plugins.SemanticdbPlugin,org.jetbrains.sbt.indices.SbtIntellijIndicesPlugin,sbt.plugins.JUnitXmlReportPlugin,sbtassembly.AssemblyPlugin,org.jetbrains.sbt.IdeaShellPlugin,org.jetbrains.sbt.StructurePlugin,spray.revolver.RevolverPlugin,sbt.plugins.MiniDependencyTreePlugin)
[debug] Plugins.deducer#function took 2.1806 ms
[info] loading settings for project root from build.sbt ...
[debug]         Load.resolveProject(root) took 28.4342ms
[debug]       Load.loadTransitive: finalizeProject(Project(id root, base: C:\Users\bajka\OneDrive\Pulpit\neww\quickstart, plugins: List(<none>))) took 31.8056ms
[debug] [Loading] Done in C:\Users\bajka\OneDrive\Pulpit\neww\quickstart, returning: (root)
[debug]     Load.loadUnit: loadedProjectsRaw took 94.7114ms
[debug]     Load.loadUnit: cleanEvalClasses took 3.6126ms
[debug]   Load.loadUnit(file:/C:/Users/bajka/OneDrive/Pulpit/neww/quickstart/, ...) took 617.7641ms
[debug] Load.apply: load took 619.4326ms
[debug] Load.apply: resolveProjects took 0.0839ms
[debug] Load.apply: finalTransforms took 23.8664ms
[debug] Load.apply: config.delegates took 0.3438ms
[debug] Load.apply: Def.make(settings)... took 90.7193ms
[debug] Load.apply: structureIndex took 23.1921ms
[debug] Load.apply: mkStreams took 0.0027ms
[info] set current project to quickstart (in build file:/C:/Users/bajka/OneDrive/Pulpit/neww/quickstart/)
[debug] > Exec(sbtPopOnFailure, None, None)
[debug] > Exec(resumeFromFailure, None, None)
[debug] > Exec(notifyUsersAboutShell, None, None)
[debug] > Exec(iflast shell, None, None)
[debug] > Exec(; set ideaPort in Global := 64225 ; idea-shell, None, None)
[debug] > Exec(set ideaPort in Global := 64225, None, None)
[info] Defining Global / ideaPort
[info] The new value will be used by Compile / compile, Test / compile
[debug] Defining 
[debug] 	Global / ideaPort
[debug] 
[debug] The new value will be used by 
[debug] 	Compile / compile
[debug] 	Test / compile
[info] Reapplying settings...
[info] set current project to quickstart (in build file:/C:/Users/bajka/OneDrive/Pulpit/neww/quickstart/)
[debug] > Exec(idea-shell, None, None)
