[debug] > Exec(run, None, None)
[debug] Evaluating tasks: Compile / run
[debug] Running task... Cancel: Signal, check cycles: false, forcegc: true
[info] compiling 1 Scala source to C:\Users\bajka\OneDrive\Pulpit\neww\quickstart\target\scala-2.13\classes ...
[info] done compiling
[error] java.nio.channels.OverlappingFileLockException
[error] 	at java.base/sun.nio.ch.FileLockTable.checkList(FileLockTable.java:229)
[error] 	at java.base/sun.nio.ch.FileLockTable.add(FileLockTable.java:123)
[error] 	at java.base/sun.nio.ch.FileChannelImpl.lock(FileChannelImpl.java:1472)
[error] 	at java.base/java.nio.channels.FileChannel.lock(FileChannel.java:1240)
[error] 	at org.jetbrains.plugins.scala.indices.protocol.sbt.Locking$.lock(Locking.scala:23)
[error] 	at org.jetbrains.plugins.scala.indices.protocol.sbt.Locking$FileLockingExt$.lock$extension(Locking.scala:51)
[error] 	at org.jetbrains.sbt.indices.SbtIntellijIndicesPlugin$.$anonfun$perConfig$2(SbtIntellijIndicesPlugin.scala:62)
[error] 	at scala.Function1.$anonfun$compose$1(Function1.scala:49)
[error] 	at sbt.internal.util.$tilde$greater.$anonfun$$u2219$1(TypeFunctions.scala:63)
[error] 	at sbt.std.Transform$$anon$4.work(Transform.scala:69)
[error] 	at sbt.Execute.$anonfun$submit$2(Execute.scala:283)
[error] 	at sbt.internal.util.ErrorHandling$.wideConvert(ErrorHandling.scala:24)
[error] 	at sbt.Execute.work(Execute.scala:292)
[error] 	at sbt.Execute.$anonfun$submit$1(Execute.scala:283)
[error] 	at sbt.ConcurrentRestrictions$$anon$4.$anonfun$submitValid$1(ConcurrentRestrictions.scala:265)
[error] 	at sbt.CompletionService$$anon$2.call(CompletionService.scala:65)
[error] 	at java.base/java.util.concurrent.FutureTask.run(FutureTask.java:317)
[error] 	at java.base/java.util.concurrent.Executors$RunnableAdapter.call(Executors.java:572)
[error] 	at java.base/java.util.concurrent.FutureTask.run(FutureTask.java:317)
[error] 	at java.base/java.util.concurrent.ThreadPoolExecutor.runWorker(ThreadPoolExecutor.java:1144)
[error] 	at java.base/java.util.concurrent.ThreadPoolExecutor$Worker.run(ThreadPoolExecutor.java:642)
[error] 	at java.base/java.lang.Thread.run(Thread.java:1583)
[error] (Compile / compile) java.nio.channels.OverlappingFileLockException
[error] Total time: 3 s, completed 29 mar 2024, 13:54:25
[debug] > Exec(idea-shell, None, None)
