[debug] > Exec(early(addDefaultCommands), None, None)
[debug] > Exec(addDefaultCommands, None, None)
[debug] > Exec(early(initialize), None, None)
[debug] > Exec(initialize, None, None)
[debug] > Exec(early(addPluginSbtFile="""C:\Users\bajka\AppData\Local\Temp\idea2.sbt"""), None, None)
[debug] > Exec(addPluginSbtFile="""C:\Users\bajka\AppData\Local\Temp\idea2.sbt""", None, None)
[debug] > Exec(boot, None, None)
[debug] > Exec(writeSbtVersion, None, None)
[debug] > Exec(reload, None, None)
[debug] > Exec(sbtStashOnFailure, None, None)
[debug] > Exec(onFailure loadFailed, None, None)
[debug] > Exec(loadp, None, None)
[info] welcome to sbt 1.9.9 (Oracle Corporation Java 21.0.2)
[debug]       Load.loadUnit: plugins took 72.6252ms
[debug]       Load.loadUnit: defsScala took 0.1938ms
[debug] [Loading] Scanning directory C:\Users\bajka\.sbt\1.0\plugins
[debug] [Loading] Found non-root projects 
[debug] [Loading] Done in C:\Users\bajka\.sbt\1.0\plugins, returning: ()
[debug] deducing auto plugins based on known facts Set(Atom(sbt.plugins.CorePlugin)) and clauses Clauses(Clause(Atom(sbt.plugins.JvmPlugin),Set(Atom(sbt.plugins.IvyPlugin)))
[debug] Clause(Atom(sbt.ScriptedPlugin),Set(Atom(sbt.plugins.JvmPlugin)))
[debug] Clause(Atom(sbt.plugins.SbtPlugin),Set(Atom(sbt.ScriptedPlugin)))
[debug] Clause(Atom(sbt.plugins.SemanticdbPlugin),Set(Atom(sbt.plugins.JvmPlugin)))
[debug] Clause(Atom(sbt.plugins.JUnitXmlReportPlugin),Set(Atom(sbt.plugins.JvmPlugin)))
[debug] Clause(Atom(sbt.plugins.MiniDependencyTreePlugin),Set(Atom(sbt.plugins.JvmPlugin)))
[debug] Clause(Atom(sbt.plugins.CorePlugin),Set(Atom(sbt.plugins.IvyPlugin)))
[debug] Clause(Atom(sbt.plugins.IvyPlugin),Set(Atom(sbt.plugins.JvmPlugin)))
[debug] Clause(Atom(sbt.plugins.JvmPlugin),Set(Atom(sbt.plugins.SemanticdbPlugin)))
[debug] Clause(Atom(sbt.plugins.JvmPlugin),Set(Atom(sbt.plugins.JUnitXmlReportPlugin)))
[debug] Clause(Atom(sbt.plugins.CorePlugin),Set(Atom(sbt.plugins.Giter8TemplatePlugin)))
[debug] Clause(Atom(sbt.plugins.JvmPlugin),Set(Atom(sbt.plugins.MiniDependencyTreePlugin))))
[debug]   :: deduced result: Matched(sbt.plugins.CorePlugin,sbt.plugins.Giter8TemplatePlugin,sbt.plugins.IvyPlugin,sbt.plugins.JvmPlugin,sbt.plugins.MiniDependencyTreePlugin,sbt.plugins.JUnitXmlReportPlugin,sbt.plugins.SemanticdbPlugin)
[debug] Plugins.deducer#function took 16.946 ms
[debug]           Load.resolveProject(global-plugins) took 63.4468ms
[debug]         Load.loadTransitive: finalizeProject(Project(id global-plugins, base: C:\Users\bajka\.sbt\1.0\plugins, plugins: List(<none>))) took 100.3614ms
[debug] [Loading] Done in C:\Users\bajka\.sbt\1.0\plugins, returning: (global-plugins)
[debug]       Load.loadUnit: loadedProjectsRaw took 120.8807ms
[debug]       Load.loadUnit: cleanEvalClasses took 0.4225ms
[debug]     Load.loadUnit(file:/C:/Users/bajka/.sbt/1.0/plugins/, ...) took 201.35ms
[debug]   Load.apply: load took 365.2749ms
[debug]   Load.apply: resolveProjects took 5.2204ms
[debug]   Load.apply: finalTransforms took 47.3135ms
[debug]   Load.apply: config.delegates took 6.1841ms
[debug]   Load.apply: Def.make(settings)... took 330.8081ms
[debug]   Load.apply: structureIndex took 80.2768ms
[debug]   Load.apply: mkStreams took 1.3404ms
[info] loading global plugins from C:\Users\bajka\.sbt\1.0\plugins
[debug] Running task... Cancel: Signal, check cycles: false, forcegc: true
[debug] Load.defaultLoad until apply took 1854.9378ms
[debug]           Load.loadUnit: plugins took 15.0932ms
[debug]           Load.loadUnit: defsScala took 0.0024ms
[debug] [Loading] Scanning directory C:\Users\bajka\OneDrive\Pulpit\neww\quickstart\project
[debug]             Load.loadUnit: mkEval took 3.2612ms
[debug] [Loading] Found non-root projects 
[debug] [Loading] Done in C:\Users\bajka\OneDrive\Pulpit\neww\quickstart\project, returning: ()
[debug] deducing auto plugins based on known facts Set(Atom(sbt.plugins.CorePlugin)) and clauses Clauses(Clause(Atom(sbt.plugins.JvmPlugin),Set(Atom(sbt.plugins.IvyPlugin)))
[debug] Clause(Atom(sbt.ScriptedPlugin),Set(Atom(sbt.plugins.JvmPlugin)))
[debug] Clause(Atom(sbt.plugins.SbtPlugin),Set(Atom(sbt.ScriptedPlugin)))
[debug] Clause(Atom(sbt.plugins.SemanticdbPlugin),Set(Atom(sbt.plugins.JvmPlugin)))
[debug] Clause(Atom(sbt.plugins.JUnitXmlReportPlugin),Set(Atom(sbt.plugins.JvmPlugin)))
[debug] Clause(Atom(sbt.plugins.MiniDependencyTreePlugin),Set(Atom(sbt.plugins.JvmPlugin)))
[debug] Clause(Atom(sbt.plugins.CorePlugin),Set(Atom(sbt.plugins.IvyPlugin)))
[debug] Clause(Atom(sbt.plugins.IvyPlugin),Set(Atom(sbt.plugins.JvmPlugin)))
[debug] Clause(Atom(sbt.plugins.JvmPlugin),Set(Atom(sbt.plugins.SemanticdbPlugin)))
[debug] Clause(Atom(sbt.plugins.JvmPlugin),Set(Atom(sbt.plugins.JUnitXmlReportPlugin)))
[debug] Clause(Atom(sbt.plugins.CorePlugin),Set(Atom(sbt.plugins.Giter8TemplatePlugin)))
[debug] Clause(Atom(sbt.plugins.JvmPlugin),Set(Atom(sbt.plugins.MiniDependencyTreePlugin))))
[debug]   :: deduced result: Matched(sbt.plugins.CorePlugin,sbt.plugins.Giter8TemplatePlugin,sbt.plugins.IvyPlugin,sbt.plugins.JvmPlugin,sbt.plugins.MiniDependencyTreePlugin,sbt.plugins.JUnitXmlReportPlugin,sbt.plugins.SemanticdbPlugin)
[debug] Plugins.deducer#function took 1.6113 ms
[info] loading settings for project quickstart-build from plugins.sbt,idea2.sbt ...
[debug]               Load.resolveProject(quickstart-build) took 1.8821ms
[debug]             Load.loadTransitive: finalizeProject(Project(id quickstart-build, base: C:\Users\bajka\OneDrive\Pulpit\neww\quickstart\project, plugins: List(<none>))) took 3.8362ms
[debug] [Loading] Done in C:\Users\bajka\OneDrive\Pulpit\neww\quickstart\project, returning: (quickstart-build)
[debug]           Load.loadUnit: loadedProjectsRaw took 146.9304ms
[debug]           Load.loadUnit: cleanEvalClasses took 15.3611ms
[debug]         Load.loadUnit(file:/C:/Users/bajka/OneDrive/Pulpit/neww/quickstart/project/, ...) took 178.1107ms
[debug]       Load.apply: load took 179.7818ms
[debug]       Load.apply: resolveProjects took 0.1341ms
[debug]       Load.apply: finalTransforms took 8.4069ms
[debug]       Load.apply: config.delegates took 0.2422ms
[debug]       Load.apply: Def.make(settings)... took 65.2019ms
[debug]       Load.apply: structureIndex took 21.911ms
[debug]       Load.apply: mkStreams took 0.002ms
[info] loading project definition from C:\Users\bajka\OneDrive\Pulpit\neww\quickstart\project
[debug] Running task... Cancel: Signal, check cycles: false, forcegc: true
[debug]     Load.loadUnit: plugins took 576.4104ms
[debug]     Load.loadUnit: defsScala took 0.0017ms
[debug] [Loading] Scanning directory C:\Users\bajka\OneDrive\Pulpit\neww\quickstart
[debug]       Load.loadUnit: mkEval took 0.1973ms
[debug] [Loading] Found root project root w/ remaining 
[debug] deducing auto plugins based on known facts Set(Atom(sbt.plugins.CorePlugin)) and clauses Clauses(Clause(Atom(sbt.plugins.JvmPlugin),Set(Atom(sbt.plugins.IvyPlugin)))
[debug] Clause(Atom(sbt.ScriptedPlugin),Set(Atom(sbt.plugins.JvmPlugin)))
[debug] Clause(Atom(sbt.plugins.SbtPlugin),Set(Atom(sbt.ScriptedPlugin)))
[debug] Clause(Atom(sbt.plugins.SemanticdbPlugin),Set(Atom(sbt.plugins.JvmPlugin)))
[debug] Clause(Atom(sbt.plugins.JUnitXmlReportPlugin),Set(Atom(sbt.plugins.JvmPlugin)))
[debug] Clause(Atom(sbt.plugins.MiniDependencyTreePlugin),Set(Atom(sbt.plugins.JvmPlugin)))
[debug] Clause(Atom(org.typelevel.sbt.tpolecat.TpolecatPlugin),Set(Atom(sbt.plugins.JvmPlugin)))
[debug] Clause(Atom(spray.revolver.RevolverPlugin),Set(Atom(sbt.plugins.JvmPlugin)))
[debug] Clause(Atom(sbtassembly.AssemblyPlugin),Set(Atom(sbt.plugins.JvmPlugin)))
[debug] Clause(Atom(io.github.davidmweber.FlywayPlugin),Set(Atom(sbt.plugins.JvmPlugin)))
[debug] Clause(Atom(org.jetbrains.sbt.StructurePlugin),Set(Atom(sbt.plugins.JvmPlugin)))
[debug] Clause(Atom(org.jetbrains.sbt.IdeaShellPlugin),Set(Atom(sbt.plugins.JvmPlugin)))
[debug] Clause(Atom(org.jetbrains.sbt.indices.SbtIntellijIndicesPlugin),Set(Atom(sbt.plugins.JvmPlugin)))
[debug] Clause(Atom(sbt.plugins.CorePlugin),Set(Atom(sbt.plugins.IvyPlugin)))
[debug] Clause(Atom(sbt.plugins.IvyPlugin),Set(Atom(sbt.plugins.JvmPlugin)))
[debug] Clause(Atom(sbt.plugins.JvmPlugin),Set(Atom(sbt.plugins.SemanticdbPlugin)))
[debug] Clause(Atom(sbt.plugins.JvmPlugin),Set(Atom(sbt.plugins.JUnitXmlReportPlugin)))
[debug] Clause(Atom(sbt.plugins.CorePlugin),Set(Atom(sbt.plugins.Giter8TemplatePlugin)))
[debug] Clause(Atom(sbt.plugins.JvmPlugin),Set(Atom(sbt.plugins.MiniDependencyTreePlugin)))
[debug] Clause(Atom(sbt.plugins.JvmPlugin),Set(Atom(org.typelevel.sbt.tpolecat.TpolecatPlugin)))
[debug] Clause(Atom(sbt.plugins.JvmPlugin),Set(Atom(spray.revolver.RevolverPlugin)))
[debug] Clause(Atom(sbt.plugins.JvmPlugin),Set(Atom(sbtassembly.AssemblyPlugin)))
[debug] Clause(Atom(sbt.plugins.JvmPlugin),Set(Atom(org.jetbrains.sbt.StructurePlugin)))
[debug] Clause(Atom(sbt.plugins.JvmPlugin),Set(Atom(org.jetbrains.sbt.IdeaShellPlugin)))
[debug] Clause(And(Set(Atom(sbt.plugins.CorePlugin), Atom(sbt.plugins.JvmPlugin))),Set(Atom(org.jetbrains.sbt.indices.SbtIntellijIndicesPlugin))))
[debug]   :: deduced result: Matched(sbt.plugins.CorePlugin,sbt.plugins.Giter8TemplatePlugin,sbt.plugins.IvyPlugin,sbt.plugins.JvmPlugin,org.typelevel.sbt.tpolecat.TpolecatPlugin,sbt.plugins.SemanticdbPlugin,org.jetbrains.sbt.indices.SbtIntellijIndicesPlugin,sbt.plugins.JUnitXmlReportPlugin,sbtassembly.AssemblyPlugin,org.jetbrains.sbt.IdeaShellPlugin,org.jetbrains.sbt.StructurePlugin,spray.revolver.RevolverPlugin,sbt.plugins.MiniDependencyTreePlugin)
[debug] Plugins.deducer#function took 1.8131 ms
[info] loading settings for project root from build.sbt ...
[debug]         Load.resolveProject(root) took 23.9936ms
[debug]       Load.loadTransitive: finalizeProject(Project(id root, base: C:\Users\bajka\OneDrive\Pulpit\neww\quickstart, plugins: List(<none>))) took 26.8472ms
[debug] [Loading] Done in C:\Users\bajka\OneDrive\Pulpit\neww\quickstart, returning: (root)
[debug]     Load.loadUnit: loadedProjectsRaw took 87.8177ms
[debug]     Load.loadUnit: cleanEvalClasses took 4.0307ms
[debug]   Load.loadUnit(file:/C:/Users/bajka/OneDrive/Pulpit/neww/quickstart/, ...) took 668.8846ms
[debug] Load.apply: load took 670.4283ms
[debug] Load.apply: resolveProjects took 0.2709ms
[debug] Load.apply: finalTransforms took 17.7952ms
[debug] Load.apply: config.delegates took 0.1948ms
[debug] Load.apply: Def.make(settings)... took 86.9015ms
[debug] Load.apply: structureIndex took 16.5358ms
[debug] Load.apply: mkStreams took 0.0026ms
[info] set current project to quickstart (in build file:/C:/Users/bajka/OneDrive/Pulpit/neww/quickstart/)
[debug] > Exec(sbtPopOnFailure, None, None)
[debug] > Exec(resumeFromFailure, None, None)
[debug] > Exec(notifyUsersAboutShell, None, None)
[debug] > Exec(iflast shell, None, None)
[debug] > Exec(; set ideaPort in Global := 54914 ; idea-shell, None, None)
[debug] > Exec(set ideaPort in Global := 54914, None, None)
[info] Defining Global / ideaPort
[info] The new value will be used by Compile / compile, Test / compile
[debug] Defining 
[debug] 	Global / ideaPort
[debug] 
[debug] The new value will be used by 
[debug] 	Compile / compile
[debug] 	Test / compile
[info] Reapplying settings...
[info] set current project to quickstart (in build file:/C:/Users/bajka/OneDrive/Pulpit/neww/quickstart/)
[debug] > Exec(idea-shell, None, None)
