[debug] > Exec(early(addDefaultCommands), None, None)
[debug] > Exec(addDefaultCommands, None, None)
[debug] > Exec(early(initialize), None, None)
[debug] > Exec(initialize, None, None)
[debug] > Exec(early(addPluginSbtFile="""C:\Users\bajka\AppData\Local\Temp\idea11.sbt"""), None, None)
[debug] > Exec(addPluginSbtFile="""C:\Users\bajka\AppData\Local\Temp\idea11.sbt""", None, None)
[debug] > Exec(boot, None, None)
[debug] > Exec(writeSbtVersion, None, None)
[debug] > Exec(reload, None, None)
[debug] > Exec(sbtStashOnFailure, None, None)
[debug] > Exec(onFailure loadFailed, None, None)
[debug] > Exec(loadp, None, None)
[info] welcome to sbt 1.9.9 (Oracle Corporation Java 21.0.2)
[debug]       Load.loadUnit: plugins took 116.48ms
[debug]       Load.loadUnit: defsScala took 0.2373ms
[debug] [Loading] Scanning directory C:\Users\bajka\.sbt\1.0\plugins
[debug] [Loading] Found non-root projects 
[debug] [Loading] Done in C:\Users\bajka\.sbt\1.0\plugins, returning: ()
[debug] deducing auto plugins based on known facts Set(Atom(sbt.plugins.CorePlugin)) and clauses Clauses(Clause(Atom(sbt.plugins.JvmPlugin),Set(Atom(sbt.plugins.IvyPlugin)))
[debug] Clause(Atom(sbt.ScriptedPlugin),Set(Atom(sbt.plugins.JvmPlugin)))
[debug] Clause(Atom(sbt.plugins.SbtPlugin),Set(Atom(sbt.ScriptedPlugin)))
[debug] Clause(Atom(sbt.plugins.SemanticdbPlugin),Set(Atom(sbt.plugins.JvmPlugin)))
[debug] Clause(Atom(sbt.plugins.JUnitXmlReportPlugin),Set(Atom(sbt.plugins.JvmPlugin)))
[debug] Clause(Atom(sbt.plugins.MiniDependencyTreePlugin),Set(Atom(sbt.plugins.JvmPlugin)))
[debug] Clause(Atom(sbt.plugins.CorePlugin),Set(Atom(sbt.plugins.IvyPlugin)))
[debug] Clause(Atom(sbt.plugins.IvyPlugin),Set(Atom(sbt.plugins.JvmPlugin)))
[debug] Clause(Atom(sbt.plugins.JvmPlugin),Set(Atom(sbt.plugins.SemanticdbPlugin)))
[debug] Clause(Atom(sbt.plugins.JvmPlugin),Set(Atom(sbt.plugins.JUnitXmlReportPlugin)))
[debug] Clause(Atom(sbt.plugins.CorePlugin),Set(Atom(sbt.plugins.Giter8TemplatePlugin)))
[debug] Clause(Atom(sbt.plugins.JvmPlugin),Set(Atom(sbt.plugins.MiniDependencyTreePlugin))))
[debug]   :: deduced result: Matched(sbt.plugins.CorePlugin,sbt.plugins.Giter8TemplatePlugin,sbt.plugins.IvyPlugin,sbt.plugins.JvmPlugin,sbt.plugins.MiniDependencyTreePlugin,sbt.plugins.JUnitXmlReportPlugin,sbt.plugins.SemanticdbPlugin)
[debug] Plugins.deducer#function took 23.1767 ms
[debug]           Load.resolveProject(global-plugins) took 93.3131ms
[debug]         Load.loadTransitive: finalizeProject(Project(id global-plugins, base: C:\Users\bajka\.sbt\1.0\plugins, plugins: List(<none>))) took 152.6049ms
[debug] [Loading] Done in C:\Users\bajka\.sbt\1.0\plugins, returning: (global-plugins)
[debug]       Load.loadUnit: loadedProjectsRaw took 191.6821ms
[debug]       Load.loadUnit: cleanEvalClasses took 0.638ms
[debug]     Load.loadUnit(file:/C:/Users/bajka/.sbt/1.0/plugins/, ...) took 322.0607ms
[debug]   Load.apply: load took 499.255ms
[debug]   Load.apply: resolveProjects took 4.3304ms
[debug]   Load.apply: finalTransforms took 89.7227ms
[debug]   Load.apply: config.delegates took 11.4653ms
[debug]   Load.apply: Def.make(settings)... took 510.1256ms
[debug]   Load.apply: structureIndex took 119.1332ms
[debug]   Load.apply: mkStreams took 1.3671ms
[info] loading global plugins from C:\Users\bajka\.sbt\1.0\plugins
[debug] Running task... Cancel: Signal, check cycles: false, forcegc: true
[debug] Load.defaultLoad until apply took 2654.6248ms
[debug]           Load.loadUnit: plugins took 23.7211ms
[debug]           Load.loadUnit: defsScala took 0.0031ms
[debug] [Loading] Scanning directory C:\Users\bajka\OneDrive\Pulpit\neww\quickstart\project
[debug]             Load.loadUnit: mkEval took 3.5287ms
[debug] [Loading] Found non-root projects 
[debug] [Loading] Done in C:\Users\bajka\OneDrive\Pulpit\neww\quickstart\project, returning: ()
[debug] deducing auto plugins based on known facts Set(Atom(sbt.plugins.CorePlugin)) and clauses Clauses(Clause(Atom(sbt.plugins.JvmPlugin),Set(Atom(sbt.plugins.IvyPlugin)))
[debug] Clause(Atom(sbt.ScriptedPlugin),Set(Atom(sbt.plugins.JvmPlugin)))
[debug] Clause(Atom(sbt.plugins.SbtPlugin),Set(Atom(sbt.ScriptedPlugin)))
[debug] Clause(Atom(sbt.plugins.SemanticdbPlugin),Set(Atom(sbt.plugins.JvmPlugin)))
[debug] Clause(Atom(sbt.plugins.JUnitXmlReportPlugin),Set(Atom(sbt.plugins.JvmPlugin)))
[debug] Clause(Atom(sbt.plugins.MiniDependencyTreePlugin),Set(Atom(sbt.plugins.JvmPlugin)))
[debug] Clause(Atom(sbt.plugins.CorePlugin),Set(Atom(sbt.plugins.IvyPlugin)))
[debug] Clause(Atom(sbt.plugins.IvyPlugin),Set(Atom(sbt.plugins.JvmPlugin)))
[debug] Clause(Atom(sbt.plugins.JvmPlugin),Set(Atom(sbt.plugins.SemanticdbPlugin)))
[debug] Clause(Atom(sbt.plugins.JvmPlugin),Set(Atom(sbt.plugins.JUnitXmlReportPlugin)))
[debug] Clause(Atom(sbt.plugins.CorePlugin),Set(Atom(sbt.plugins.Giter8TemplatePlugin)))
[debug] Clause(Atom(sbt.plugins.JvmPlugin),Set(Atom(sbt.plugins.MiniDependencyTreePlugin))))
[debug]   :: deduced result: Matched(sbt.plugins.CorePlugin,sbt.plugins.Giter8TemplatePlugin,sbt.plugins.IvyPlugin,sbt.plugins.JvmPlugin,sbt.plugins.MiniDependencyTreePlugin,sbt.plugins.JUnitXmlReportPlugin,sbt.plugins.SemanticdbPlugin)
[debug] Plugins.deducer#function took 1.9915 ms
[info] loading settings for project quickstart-build from plugins.sbt,idea11.sbt ...
[debug]               Load.resolveProject(quickstart-build) took 3.9798ms
[debug]             Load.loadTransitive: finalizeProject(Project(id quickstart-build, base: C:\Users\bajka\OneDrive\Pulpit\neww\quickstart\project, plugins: List(<none>))) took 6.7914ms
[debug] [Loading] Done in C:\Users\bajka\OneDrive\Pulpit\neww\quickstart\project, returning: (quickstart-build)
[debug]           Load.loadUnit: loadedProjectsRaw took 165.9551ms
[debug]           Load.loadUnit: cleanEvalClasses took 23.9879ms
[debug]         Load.loadUnit(file:/C:/Users/bajka/OneDrive/Pulpit/neww/quickstart/project/, ...) took 214.699ms
[debug]       Load.apply: load took 216.4638ms
[debug]       Load.apply: resolveProjects took 0.1204ms
[debug]       Load.apply: finalTransforms took 10.4738ms
[debug]       Load.apply: config.delegates took 0.3721ms
[debug]       Load.apply: Def.make(settings)... took 73.2271ms
[debug]       Load.apply: structureIndex took 29.358ms
[debug]       Load.apply: mkStreams took 0.002ms
[info] loading project definition from C:\Users\bajka\OneDrive\Pulpit\neww\quickstart\project
[debug] Running task... Cancel: Signal, check cycles: false, forcegc: true
[debug]     Load.loadUnit: plugins took 756.2084ms
[debug]     Load.loadUnit: defsScala took 0.0059ms
[debug] [Loading] Scanning directory C:\Users\bajka\OneDrive\Pulpit\neww\quickstart
[debug]       Load.loadUnit: mkEval took 0.4641ms
[debug] [Loading] Found root project root w/ remaining 
[debug] deducing auto plugins based on known facts Set(Atom(sbt.plugins.CorePlugin)) and clauses Clauses(Clause(Atom(sbt.plugins.JvmPlugin),Set(Atom(sbt.plugins.IvyPlugin)))
[debug] Clause(Atom(sbt.ScriptedPlugin),Set(Atom(sbt.plugins.JvmPlugin)))
[debug] Clause(Atom(sbt.plugins.SbtPlugin),Set(Atom(sbt.ScriptedPlugin)))
[debug] Clause(Atom(sbt.plugins.SemanticdbPlugin),Set(Atom(sbt.plugins.JvmPlugin)))
[debug] Clause(Atom(sbt.plugins.JUnitXmlReportPlugin),Set(Atom(sbt.plugins.JvmPlugin)))
[debug] Clause(Atom(sbt.plugins.MiniDependencyTreePlugin),Set(Atom(sbt.plugins.JvmPlugin)))
[debug] Clause(Atom(org.typelevel.sbt.tpolecat.TpolecatPlugin),Set(Atom(sbt.plugins.JvmPlugin)))
[debug] Clause(Atom(spray.revolver.RevolverPlugin),Set(Atom(sbt.plugins.JvmPlugin)))
[debug] Clause(Atom(sbtassembly.AssemblyPlugin),Set(Atom(sbt.plugins.JvmPlugin)))
[debug] Clause(Atom(io.github.davidmweber.FlywayPlugin),Set(Atom(sbt.plugins.JvmPlugin)))
[debug] Clause(Atom(org.jetbrains.sbt.StructurePlugin),Set(Atom(sbt.plugins.JvmPlugin)))
[debug] Clause(Atom(org.jetbrains.sbt.IdeaShellPlugin),Set(Atom(sbt.plugins.JvmPlugin)))
[debug] Clause(Atom(org.jetbrains.sbt.indices.SbtIntellijIndicesPlugin),Set(Atom(sbt.plugins.JvmPlugin)))
[debug] Clause(Atom(sbt.plugins.CorePlugin),Set(Atom(sbt.plugins.IvyPlugin)))
[debug] Clause(Atom(sbt.plugins.IvyPlugin),Set(Atom(sbt.plugins.JvmPlugin)))
[debug] Clause(Atom(sbt.plugins.JvmPlugin),Set(Atom(sbt.plugins.SemanticdbPlugin)))
[debug] Clause(Atom(sbt.plugins.JvmPlugin),Set(Atom(sbt.plugins.JUnitXmlReportPlugin)))
[debug] Clause(Atom(sbt.plugins.CorePlugin),Set(Atom(sbt.plugins.Giter8TemplatePlugin)))
[debug] Clause(Atom(sbt.plugins.JvmPlugin),Set(Atom(sbt.plugins.MiniDependencyTreePlugin)))
[debug] Clause(Atom(sbt.plugins.JvmPlugin),Set(Atom(org.typelevel.sbt.tpolecat.TpolecatPlugin)))
[debug] Clause(Atom(sbt.plugins.JvmPlugin),Set(Atom(spray.revolver.RevolverPlugin)))
[debug] Clause(Atom(sbt.plugins.JvmPlugin),Set(Atom(sbtassembly.AssemblyPlugin)))
[debug] Clause(Atom(sbt.plugins.JvmPlugin),Set(Atom(org.jetbrains.sbt.StructurePlugin)))
[debug] Clause(Atom(sbt.plugins.JvmPlugin),Set(Atom(org.jetbrains.sbt.IdeaShellPlugin)))
[debug] Clause(And(Set(Atom(sbt.plugins.CorePlugin), Atom(sbt.plugins.JvmPlugin))),Set(Atom(org.jetbrains.sbt.indices.SbtIntellijIndicesPlugin))))
[debug]   :: deduced result: Matched(sbt.plugins.CorePlugin,sbt.plugins.Giter8TemplatePlugin,sbt.plugins.IvyPlugin,sbt.plugins.JvmPlugin,org.typelevel.sbt.tpolecat.TpolecatPlugin,sbt.plugins.SemanticdbPlugin,org.jetbrains.sbt.indices.SbtIntellijIndicesPlugin,sbt.plugins.JUnitXmlReportPlugin,sbtassembly.AssemblyPlugin,org.jetbrains.sbt.IdeaShellPlugin,org.jetbrains.sbt.StructurePlugin,spray.revolver.RevolverPlugin,sbt.plugins.MiniDependencyTreePlugin)
[debug] Plugins.deducer#function took 4.1615 ms
[info] loading settings for project root from build.sbt ...
[debug]         Load.resolveProject(root) took 58.0689ms
[debug]       Load.loadTransitive: finalizeProject(Project(id root, base: C:\Users\bajka\OneDrive\Pulpit\neww\quickstart, plugins: List(<none>))) took 65.0325ms
[debug] [Loading] Done in C:\Users\bajka\OneDrive\Pulpit\neww\quickstart, returning: (root)
[debug]     Load.loadUnit: loadedProjectsRaw took 192.4025ms
[debug]     Load.loadUnit: cleanEvalClasses took 7.8587ms
[debug]   Load.loadUnit(file:/C:/Users/bajka/OneDrive/Pulpit/neww/quickstart/, ...) took 958.0421ms
[debug] Load.apply: load took 960.6647ms
[debug] Load.apply: resolveProjects took 0.3399ms
[debug] Load.apply: finalTransforms took 43.5392ms
[debug] Load.apply: config.delegates took 0.5072ms
[debug] Load.apply: Def.make(settings)... took 145.8089ms
[debug] Load.apply: structureIndex took 28.6339ms
[debug] Load.apply: mkStreams took 0.004ms
[info] set current project to quickstart (in build file:/C:/Users/bajka/OneDrive/Pulpit/neww/quickstart/)
[debug] > Exec(sbtPopOnFailure, None, None)
[debug] > Exec(resumeFromFailure, None, None)
[debug] > Exec(notifyUsersAboutShell, None, None)
[debug] > Exec(iflast shell, None, None)
[debug] > Exec(; set ideaPort in Global := 64225 ; idea-shell, None, None)
[debug] > Exec(set ideaPort in Global := 64225, None, None)
[info] Defining Global / ideaPort
[info] The new value will be used by Compile / compile, Test / compile
[debug] Defining 
[debug] 	Global / ideaPort
[debug] 
[debug] The new value will be used by 
[debug] 	Compile / compile
[debug] 	Test / compile
[info] Reapplying settings...
[info] set current project to quickstart (in build file:/C:/Users/bajka/OneDrive/Pulpit/neww/quickstart/)
[debug] > Exec(idea-shell, None, None)
